<?xml version="1.0" encoding="UTF-8"?>
<!-- Generated by org.testng.reporters.JUnitReportReporter -->
<testsuite hostname="LNDA0183" name="com.jav.Domestic.tests.EOLDomesticReceiveInfo_Test" tests="16" failures="0" timestamp="11 Mar 2013 11:53:58 GMT" time="156.437" errors="0">
  <testcase name="verifyredirectToPaymentInformationPage" time="0.199" classname="com.jav.Domestic.tests.EOLDomesticReceiveInfo_Test"/>
  <testcase name="enterStudentInformationOnStep1Page" time="27.340" classname="com.jav.Domestic.tests.EOLDomesticReceiveInfo_Test"/>
  <testcase name="verifyElementsDisplayOnPaymentInformation" time="0.428" classname="com.jav.Domestic.tests.EOLDomesticReceiveInfo_Test"/>
  <testcase name="enterRemaningInformationOnPersonalInformatoinPage" time="27.816" classname="com.jav.Domestic.tests.EOLDomesticReceiveInfo_Test"/>
  <testcase name="verifyElementDisplayOnPersonalInformationPage" time="2.453" classname="com.jav.Domestic.tests.EOLDomesticReceiveInfo_Test"/>
  <testcase name="homePageactions" time="12.569" classname="com.jav.Domestic.tests.EOLDomesticReceiveInfo_Test"/>
  <testcase name="verifyElementsDisplayAfterSelectModeOfPayment" time="1.599" classname="com.jav.Domestic.tests.EOLDomesticReceiveInfo_Test"/>
  <testcase name="verifyElementsDisplayOnStep1EnrollmentProcess" time="1.692" classname="com.jav.Domestic.tests.EOLDomesticReceiveInfo_Test"/>
  <testcase name="redirectToThankYouPageAndClickEnrollOnLine" time="7.135" classname="com.jav.Domestic.tests.EOLDomesticReceiveInfo_Test"/>
  <testcase name="launchHomePage" time="6.027" classname="com.jav.Domestic.tests.EOLDomesticReceiveInfo_Test"/>
  <testcase name="verifyandClickOnTermAndComtitionsDisplayOnReviewandSubmitPage" time="15.884" classname="com.jav.Domestic.tests.EOLDomesticReceiveInfo_Test"/>
  <testcase name="selectModeOfPaymentandProvideInformation" time="1.604" classname="com.jav.Domestic.tests.EOLDomesticReceiveInfo_Test"/>
  <testcase name="setup" time="4.308" classname="com.jav.Domestic.tests.EOLDomesticReceiveInfo_Test"/>
  <testcase name="verifyElementsDisplayOnReviewAndSubmitPage" time="7.156" classname="com.jav.Domestic.tests.EOLDomesticReceiveInfo_Test"/>
  <testcase name="verifyEditButtonOnReviewAndSubmit" time="39.483" classname="com.jav.Domestic.tests.EOLDomesticReceiveInfo_Test"/>
  <testcase name="enterCreditCardInformation" time="0.744" classname="com.jav.Domestic.tests.EOLDomesticReceiveInfo_Test"/>
</testsuite> <!-- com.jav.Domestic.tests.EOLDomesticReceiveInfo_Test -->
