<?xml version="1.0" encoding="UTF-8"?>
<!-- Generated by org.testng.reporters.JUnitReportReporter -->
<testsuite hostname="LNDA0183" name="com.jav.Domestic.tests.SiteCoreULR_Feature_Test" tests="25" failures="0" timestamp="7 Mar 2013 13:15:21 GMT" time="280.075" errors="0">
  <testcase name="verifyElementDisplayOnPersonalInformationPage" time="2.649" classname="com.jav.Domestic.tests.SiteCoreULR_Feature_Test"/>
  <testcase name="redirectToThankYouPageAndClickEnrollOnLine" time="2.567" classname="com.jav.Domestic.tests.SiteCoreULR_Feature_Test"/>
  <testcase name="selectModeOfPaymentandFillInformation" time="1.626" classname="com.jav.Domestic.tests.SiteCoreULR_Feature_Test"/>
  <testcase name="enterCreditCardInformationAfterCreditCardSelection" time="5.185" classname="com.jav.Domestic.tests.SiteCoreULR_Feature_Test"/>
  <testcase name="verifyRedirectToPaymentInformationPage" time="0.228" classname="com.jav.Domestic.tests.SiteCoreULR_Feature_Test"/>
  <testcase name="enterCreditCardInformation" time="5.266" classname="com.jav.Domestic.tests.SiteCoreULR_Feature_Test"/>
  <testcase name="verifyElementsDisplayedAfterSelectModeOfPayment" time="2.856" classname="com.jav.Domestic.tests.SiteCoreULR_Feature_Test"/>
  <testcase name="verifyElementsDisplayOnPaymentInformation" time="0.462" classname="com.jav.Domestic.tests.SiteCoreULR_Feature_Test"/>
  <testcase name="selectModeOfPaymentandProvideInformation" time="2.061" classname="com.jav.Domestic.tests.SiteCoreULR_Feature_Test"/>
  <testcase name="verifyElementsDisplayOnPaymentInformationPage" time="0.461" classname="com.jav.Domestic.tests.SiteCoreULR_Feature_Test"/>
  <testcase name="VerifySiteCoreHomePage" time="7.139" classname="com.jav.Domestic.tests.SiteCoreULR_Feature_Test"/>
  <testcase name="verifyEditButtonOnReviewAndSubmit" time="55.201" classname="com.jav.Domestic.tests.SiteCoreULR_Feature_Test"/>
  <testcase name="setup" time="12.633" classname="com.jav.Domestic.tests.SiteCoreULR_Feature_Test"/>
  <testcase name="enterRemaningInformationOnPersonalInformatoinPage" time="26.118" classname="com.jav.Domestic.tests.SiteCoreULR_Feature_Test"/>
  <testcase name="enterAllInformationOnPersonalInformatoinPage" time="29.891" classname="com.jav.Domestic.tests.SiteCoreULR_Feature_Test"/>
  <testcase name="verifyElementsDisplayedOnReviewAndSubmitPage" time="4.523" classname="com.jav.Domestic.tests.SiteCoreULR_Feature_Test"/>
  <testcase name="verifyElementsDisplayOnStep1EnrollmentProcess" time="1.554" classname="com.jav.Domestic.tests.SiteCoreULR_Feature_Test"/>
  <testcase name="verifyElementsDisplayOnReviewAndSubmitPage" time="4.646" classname="com.jav.Domestic.tests.SiteCoreULR_Feature_Test"/>
  <testcase name="verifyredirectToPaymentInformationPage" time="0.228" classname="com.jav.Domestic.tests.SiteCoreULR_Feature_Test"/>
  <testcase name="verifyUserNavigatedtoEnrollNowSiteCoreHomepage" time="13.327" classname="com.jav.Domestic.tests.SiteCoreULR_Feature_Test"/>
  <testcase name="enterStudentInformationOnStep1Page" time="23.056" classname="com.jav.Domestic.tests.SiteCoreULR_Feature_Test"/>
  <testcase name="verifyElementsDisplayAfterSelectModeOfPayment" time="2.869" classname="com.jav.Domestic.tests.SiteCoreULR_Feature_Test"/>
  <testcase name="verifyandClickOnTermAndComtitionsDisplayOnReviewandSubmitPage" time="21.914" classname="com.jav.Domestic.tests.SiteCoreULR_Feature_Test"/>
  <testcase name="verifyandClickOnTermAndConditionsOnReviewandSubmitPage" time="34.879" classname="com.jav.Domestic.tests.SiteCoreULR_Feature_Test"/>
  <testcase name="launchSelectedSiteCoreURL" time="18.736" classname="com.jav.Domestic.tests.SiteCoreULR_Feature_Test"/>
</testsuite> <!-- com.jav.Domestic.tests.SiteCoreULR_Feature_Test -->
