<?xml version="1.0" encoding="UTF-8"?>
<!-- Generated by org.testng.reporters.JUnitReportReporter -->
<testsuite hostname="LNDA0183" name="com.jav.Domestic.tests.EOLDomesticReceiveInfo_Test" tests="16" failures="0" timestamp="7 Mar 2013 12:51:35 GMT" time="166.618" errors="0">
  <testcase name="enterStudentInformationOnStep1Page" time="26.053" classname="com.jav.Domestic.tests.EOLDomesticReceiveInfo_Test"/>
  <testcase name="verifyEditButtonOnReviewAndSubmit" time="45.789" classname="com.jav.Domestic.tests.EOLDomesticReceiveInfo_Test"/>
  <testcase name="setup" time="8.941" classname="com.jav.Domestic.tests.EOLDomesticReceiveInfo_Test"/>
  <testcase name="redirectToThankYouPageAndClickEnrollOnLine" time="4.712" classname="com.jav.Domestic.tests.EOLDomesticReceiveInfo_Test"/>
  <testcase name="enterRemaningInformationOnPersonalInformatoinPage" time="22.183" classname="com.jav.Domestic.tests.EOLDomesticReceiveInfo_Test"/>
  <testcase name="verifyElementDisplayOnPersonalInformationPage" time="7.441" classname="com.jav.Domestic.tests.EOLDomesticReceiveInfo_Test"/>
  <testcase name="homePageactions" time="11.668" classname="com.jav.Domestic.tests.EOLDomesticReceiveInfo_Test"/>
  <testcase name="verifyandClickOnTermAndComtitionsDisplayOnReviewandSubmitPage" time="14.291" classname="com.jav.Domestic.tests.EOLDomesticReceiveInfo_Test"/>
  <testcase name="enterCreditCardInformation" time="0.639" classname="com.jav.Domestic.tests.EOLDomesticReceiveInfo_Test"/>
  <testcase name="verifyElementsDisplayOnStep1EnrollmentProcess" time="1.076" classname="com.jav.Domestic.tests.EOLDomesticReceiveInfo_Test"/>
  <testcase name="verifyredirectToPaymentInformationPage" time="8.190" classname="com.jav.Domestic.tests.EOLDomesticReceiveInfo_Test"/>
  <testcase name="verifyElementsDisplayOnReviewAndSubmitPage" time="6.819" classname="com.jav.Domestic.tests.EOLDomesticReceiveInfo_Test"/>
  <testcase name="verifyElementsDisplayAfterSelectModeOfPayment" time="1.092" classname="com.jav.Domestic.tests.EOLDomesticReceiveInfo_Test"/>
  <testcase name="selectModeOfPaymentandProvideInformation" time="1.389" classname="com.jav.Domestic.tests.EOLDomesticReceiveInfo_Test"/>
  <testcase name="launchHomePage" time="5.991" classname="com.jav.Domestic.tests.EOLDomesticReceiveInfo_Test"/>
  <testcase name="verifyElementsDisplayOnPaymentInformation" time="0.344" classname="com.jav.Domestic.tests.EOLDomesticReceiveInfo_Test"/>
</testsuite> <!-- com.jav.Domestic.tests.EOLDomesticReceiveInfo_Test -->
