<?xml version="1.0" encoding="UTF-8"?>
<!-- Generated by org.testng.reporters.JUnitReportReporter -->
<testsuite hostname="LNDA0183" name="com.jav.Domestic.tests.EOLDomesticEnrollNow_Test" tests="12" failures="0" timestamp="11 Mar 2013 11:43:22 GMT" time="183.000" errors="0">
  <testcase name="verifyElementsDisplayOnReviewAndSubmitPage" time="4.830" classname="com.jav.Domestic.tests.EOLDomesticEnrollNow_Test"/>
  <testcase name="verifyredirectToPaymentInformationPage" time="0.219" classname="com.jav.Domestic.tests.EOLDomesticEnrollNow_Test"/>
  <testcase name="setup" time="6.521" classname="com.jav.Domestic.tests.EOLDomesticEnrollNow_Test"/>
  <testcase name="enterCreditCardInformation" time="5.651" classname="com.jav.Domestic.tests.EOLDomesticEnrollNow_Test"/>
  <testcase name="enterRemaningInformationOnPersonalInformatoinPage" time="37.454" classname="com.jav.Domestic.tests.EOLDomesticEnrollNow_Test"/>
  <testcase name="homePageactions" time="8.485" classname="com.jav.Domestic.tests.EOLDomesticEnrollNow_Test"/>
  <testcase name="selectModeOfPaymentandProvideInformation" time="2.670" classname="com.jav.Domestic.tests.EOLDomesticEnrollNow_Test"/>
  <testcase name="launchHomePage" time="7.118" classname="com.jav.Domestic.tests.EOLDomesticEnrollNow_Test"/>
  <testcase name="verifyandClickOnTermAndConditionsDisplayOnReviewandSubmitPage" time="42.481" classname="com.jav.Domestic.tests.EOLDomesticEnrollNow_Test"/>
  <testcase name="verifyElementsDisplayOnPaymentInformation" time="0.522" classname="com.jav.Domestic.tests.EOLDomesticEnrollNow_Test"/>
  <testcase name="verifyElementsDisplayAfterSelectModeOfPayment" time="3.151" classname="com.jav.Domestic.tests.EOLDomesticEnrollNow_Test"/>
  <testcase name="verifyEditButtonOnReviewAndSubmit" time="63.898" classname="com.jav.Domestic.tests.EOLDomesticEnrollNow_Test"/>
</testsuite> <!-- com.jav.Domestic.tests.EOLDomesticEnrollNow_Test -->
