<?xml version="1.0" encoding="UTF-8"?>
<!-- Generated by org.testng.reporters.JUnitReportReporter -->
<testsuite hostname="LNDA0183" name="com.jav.Domestic.tests.EOLDomesticEnrollNow_Test" tests="11" failures="0" timestamp="8 Mar 2013 12:27:55 GMT" time="123.436" errors="0">
  <testcase name="setup" time="4.165" classname="com.jav.Domestic.tests.EOLDomesticEnrollNow_Test"/>
  <testcase name="launchHomePage" time="6.223" classname="com.jav.Domestic.tests.EOLDomesticEnrollNow_Test"/>
  <testcase name="enterCreditCardInformation" time="5.365" classname="com.jav.Domestic.tests.EOLDomesticEnrollNow_Test"/>
  <testcase name="homePageactions" time="13.725" classname="com.jav.Domestic.tests.EOLDomesticEnrollNow_Test"/>
  <testcase name="verifyredirectToPaymentInformationPage" time="0.257" classname="com.jav.Domestic.tests.EOLDomesticEnrollNow_Test"/>
  <testcase name="verifyElementsDisplayOnPaymentInformation" time="0.500" classname="com.jav.Domestic.tests.EOLDomesticEnrollNow_Test"/>
  <testcase name="verifyandClickOnTermAndConditionsDisplayOnReviewandSubmitPage" time="41.624" classname="com.jav.Domestic.tests.EOLDomesticEnrollNow_Test"/>
  <testcase name="verifyElementsDisplayAfterSelectModeOfPayment" time="3.242" classname="com.jav.Domestic.tests.EOLDomesticEnrollNow_Test"/>
  <testcase name="enterRemaningInformationOnPersonalInformatoinPage" time="41.214" classname="com.jav.Domestic.tests.EOLDomesticEnrollNow_Test"/>
  <testcase name="selectModeOfPaymentandProvideInformation" time="2.296" classname="com.jav.Domestic.tests.EOLDomesticEnrollNow_Test"/>
  <testcase name="verifyElementsDisplayOnReviewAndSubmitPage" time="4.825" classname="com.jav.Domestic.tests.EOLDomesticEnrollNow_Test"/>
</testsuite> <!-- com.jav.Domestic.tests.EOLDomesticEnrollNow_Test -->
