<?xml version="1.0" encoding="UTF-8"?>
<!-- Generated by org.testng.reporters.JUnitReportReporter -->
<testsuite hostname="LNDA0183" name="com.jav.Domestic.tests.EOLDomesticReceiveInfo_nocourse_Test" tests="18" failures="0" timestamp="8 Mar 2013 12:40:33 GMT" time="173.858" errors="0">
  <testcase name="verifyredirectToPaymentInformationPage" time="0.371" classname="com.jav.Domestic.tests.EOLDomesticReceiveInfo_nocourse_Test"/>
  <testcase name="enterStudentInformationOnStep1Page" time="24.636" classname="com.jav.Domestic.tests.EOLDomesticReceiveInfo_nocourse_Test"/>
  <testcase name="enterRemaningInformationOnPersonalInformatoinPage" time="21.531" classname="com.jav.Domestic.tests.EOLDomesticReceiveInfo_nocourse_Test"/>
  <testcase name="enterCreditCardInformation" time="5.757" classname="com.jav.Domestic.tests.EOLDomesticReceiveInfo_nocourse_Test"/>
  <testcase name="launchHomePage" time="7.023" classname="com.jav.Domestic.tests.EOLDomesticReceiveInfo_nocourse_Test"/>
  <testcase name="selectModeOfPaymentandProvideInformation" time="2.062" classname="com.jav.Domestic.tests.EOLDomesticReceiveInfo_nocourse_Test"/>
  <testcase name="verifyElementsDisplayOnPaymentInformation" time="0.731" classname="com.jav.Domestic.tests.EOLDomesticReceiveInfo_nocourse_Test"/>
  <testcase name="verifyElementDisplayOnPersonalInformationPage" time="2.534" classname="com.jav.Domestic.tests.EOLDomesticReceiveInfo_nocourse_Test"/>
  <testcase name="verifyElementsDisplayAfterSelectModeOfPayment" time="2.798" classname="com.jav.Domestic.tests.EOLDomesticReceiveInfo_nocourse_Test"/>
  <testcase name="verifyandClickOnTermAndComtitionsDisplayOnReviewandSubmitPage" time="16.203" classname="com.jav.Domestic.tests.EOLDomesticReceiveInfo_nocourse_Test"/>
  <testcase name="redirectToThankYouPageAndClickEnrollOnLine" time="7.033" classname="com.jav.Domestic.tests.EOLDomesticReceiveInfo_nocourse_Test"/>
  <testcase name="selectCourseFromAvailableCourses" time="4.417" classname="com.jav.Domestic.tests.EOLDomesticReceiveInfo_nocourse_Test"/>
  <testcase name="getNumberOfCourseAvailable" time="3.225" classname="com.jav.Domestic.tests.EOLDomesticReceiveInfo_nocourse_Test"/>
  <testcase name="homePageactions" time="5.277" classname="com.jav.Domestic.tests.EOLDomesticReceiveInfo_nocourse_Test"/>
  <testcase name="verifyElementsDisplayOnReviewAndSubmitPage" time="3.972" classname="com.jav.Domestic.tests.EOLDomesticReceiveInfo_nocourse_Test"/>
  <testcase name="setup" time="10.191" classname="com.jav.Domestic.tests.EOLDomesticReceiveInfo_nocourse_Test"/>
  <testcase name="verifyEditButtonOnReviewAndSubmit" time="54.356" classname="com.jav.Domestic.tests.EOLDomesticReceiveInfo_nocourse_Test"/>
  <testcase name="verifyElementsDisplayOnStep1EnrollmentProcess" time="1.741" classname="com.jav.Domestic.tests.EOLDomesticReceiveInfo_nocourse_Test"/>
</testsuite> <!-- com.jav.Domestic.tests.EOLDomesticReceiveInfo_nocourse_Test -->
