<?xml version="1.0" encoding="UTF-8"?>
<!-- Generated by org.testng.reporters.JUnitReportReporter -->
<testsuite hostname="LNDA0183" name="com.jav.Domestic.tests.SiteCoreULR_Feature_Test" tests="25" failures="0" timestamp="8 Mar 2013 11:31:02 GMT" time="398.441" errors="0">
  <testcase name="verifyandClickOnTermAndComtitionsDisplayOnReviewandSubmitPage" time="64.122" classname="com.jav.Domestic.tests.SiteCoreULR_Feature_Test"/>
  <testcase name="verifyElementsDisplayOnPaymentInformationPage" time="0.396" classname="com.jav.Domestic.tests.SiteCoreULR_Feature_Test"/>
  <testcase name="verifyElementsDisplayOnPaymentInformation" time="0.429" classname="com.jav.Domestic.tests.SiteCoreULR_Feature_Test"/>
  <testcase name="enterRemaningInformationOnPersonalInformatoinPage" time="32.991" classname="com.jav.Domestic.tests.SiteCoreULR_Feature_Test"/>
  <testcase name="verifyredirectToPaymentInformationPage" time="0.250" classname="com.jav.Domestic.tests.SiteCoreULR_Feature_Test"/>
  <testcase name="selectModeOfPaymentandProvideInformation" time="1.404" classname="com.jav.Domestic.tests.SiteCoreULR_Feature_Test"/>
  <testcase name="enterStudentInformationOnStep1Page" time="57.081" classname="com.jav.Domestic.tests.SiteCoreULR_Feature_Test"/>
  <testcase name="verifyElementsDisplayAfterSelectModeOfPayment" time="2.865" classname="com.jav.Domestic.tests.SiteCoreULR_Feature_Test"/>
  <testcase name="setup" time="13.078" classname="com.jav.Domestic.tests.SiteCoreULR_Feature_Test"/>
  <testcase name="verifyRedirectToPaymentInformationPage" time="0.264" classname="com.jav.Domestic.tests.SiteCoreULR_Feature_Test"/>
  <testcase name="verifyElementsDisplayOnReviewAndSubmitPage" time="4.245" classname="com.jav.Domestic.tests.SiteCoreULR_Feature_Test"/>
  <testcase name="verifyElementsDisplayOnStep1EnrollmentProcess" time="2.116" classname="com.jav.Domestic.tests.SiteCoreULR_Feature_Test"/>
  <testcase name="verifyUserNavigatedtoEnrollNowSiteCoreHomepage" time="12.850" classname="com.jav.Domestic.tests.SiteCoreULR_Feature_Test"/>
  <testcase name="verifyElementDisplayOnPersonalInformationPage" time="2.798" classname="com.jav.Domestic.tests.SiteCoreULR_Feature_Test"/>
  <testcase name="verifyandClickOnTermAndConditionsOnReviewandSubmitPage" time="59.012" classname="com.jav.Domestic.tests.SiteCoreULR_Feature_Test"/>
  <testcase name="selectModeOfPaymentandFillInformation" time="1.668" classname="com.jav.Domestic.tests.SiteCoreULR_Feature_Test"/>
  <testcase name="enterCreditCardInformation" time="5.532" classname="com.jav.Domestic.tests.SiteCoreULR_Feature_Test"/>
  <testcase name="redirectToThankYouPageAndClickEnrollOnLine" time="2.473" classname="com.jav.Domestic.tests.SiteCoreULR_Feature_Test"/>
  <testcase name="launchSelectedSiteCoreURL" time="14.822" classname="com.jav.Domestic.tests.SiteCoreULR_Feature_Test"/>
  <testcase name="enterCreditCardInformationAfterCreditCardSelection" time="5.466" classname="com.jav.Domestic.tests.SiteCoreULR_Feature_Test"/>
  <testcase name="VerifySiteCoreHomePage" time="9.284" classname="com.jav.Domestic.tests.SiteCoreULR_Feature_Test"/>
  <testcase name="verifyEditButtonOnReviewAndSubmit" time="63.667" classname="com.jav.Domestic.tests.SiteCoreULR_Feature_Test"/>
  <testcase name="enterAllInformationOnPersonalInformatoinPage" time="34.304" classname="com.jav.Domestic.tests.SiteCoreULR_Feature_Test"/>
  <testcase name="verifyElementsDisplayedAfterSelectModeOfPayment" time="2.900" classname="com.jav.Domestic.tests.SiteCoreULR_Feature_Test"/>
  <testcase name="verifyElementsDisplayedOnReviewAndSubmitPage" time="4.424" classname="com.jav.Domestic.tests.SiteCoreULR_Feature_Test"/>
</testsuite> <!-- com.jav.Domestic.tests.SiteCoreULR_Feature_Test -->
