<?xml version="1.0" encoding="UTF-8"?>
<!-- Generated by org.testng.reporters.JUnitReportReporter -->
<testsuite hostname="LNDA0183" name="com.jav.Canada.tests.EOLCanadaReceiveInfo_Test" tests="16" failures="0" timestamp="12 Mar 2013 05:33:57 GMT" time="190.259" errors="0">
  <testcase name="verifyandClickOnTermAndConditionsDisplayOnReviewandSubmitPage" time="36.557" classname="com.jav.Canada.tests.EOLCanadaReceiveInfo_Test"/>
  <testcase name="verifyElementDisplayOnPersonalInformationPage" time="2.767" classname="com.jav.Canada.tests.EOLCanadaReceiveInfo_Test"/>
  <testcase name="enterRemaningInformationOnPersonalInformatoinPage" time="21.729" classname="com.jav.Canada.tests.EOLCanadaReceiveInfo_Test"/>
  <testcase name="verifyElementsDisplayOnStep1EnrollmentProcess" time="2.642" classname="com.jav.Canada.tests.EOLCanadaReceiveInfo_Test"/>
  <testcase name="enterStudentInformationOnStep1Page" time="18.576" classname="com.jav.Canada.tests.EOLCanadaReceiveInfo_Test"/>
  <testcase name="redirectToThankYouPageAndClickEnrollOnLine" time="7.827" classname="com.jav.Canada.tests.EOLCanadaReceiveInfo_Test"/>
  <testcase name="launchHomePage" time="7.074" classname="com.jav.Canada.tests.EOLCanadaReceiveInfo_Test"/>
  <testcase name="enterCreditCardInformation" time="6.845" classname="com.jav.Canada.tests.EOLCanadaReceiveInfo_Test"/>
  <testcase name="verifyElementsDisplayOnPaymentInformation" time="0.528" classname="com.jav.Canada.tests.EOLCanadaReceiveInfo_Test"/>
  <testcase name="verifyElementsDisplayAfterSelectModeOfPayment" time="3.779" classname="com.jav.Canada.tests.EOLCanadaReceiveInfo_Test"/>
  <testcase name="setup" time="3.027" classname="com.jav.Canada.tests.EOLCanadaReceiveInfo_Test"/>
  <testcase name="verifyEditButtonOnReviewAndSubmit" time="65.384" classname="com.jav.Canada.tests.EOLCanadaReceiveInfo_Test"/>
  <testcase name="selectModeOfPaymentandProvideInformation" time="2.129" classname="com.jav.Canada.tests.EOLCanadaReceiveInfo_Test"/>
  <testcase name="homePageactions" time="7.269" classname="com.jav.Canada.tests.EOLCanadaReceiveInfo_Test"/>
  <testcase name="verifyredirectToPaymentInformationPage" time="0.225" classname="com.jav.Canada.tests.EOLCanadaReceiveInfo_Test"/>
  <testcase name="verifyElementsDisplayOnReviewAndSubmitPage" time="3.901" classname="com.jav.Canada.tests.EOLCanadaReceiveInfo_Test"/>
</testsuite> <!-- com.jav.Canada.tests.EOLCanadaReceiveInfo_Test -->
