<?xml version="1.0" encoding="UTF-8"?>
<!-- Generated by org.testng.reporters.JUnitReportReporter -->
<testsuite hostname="LNDA0183" name="com.jav.Domestic.tests.EOLDomesticEnrollNow_nocourse_Test" tests="13" failures="0" timestamp="7 Mar 2013 12:56:44 GMT" time="95.387" errors="0">
  <testcase name="verifyredirectToPaymentInformationPage" time="4.056" classname="com.jav.Domestic.tests.EOLDomesticEnrollNow_nocourse_Test"/>
  <testcase name="homePageactions" time="4.758" classname="com.jav.Domestic.tests.EOLDomesticEnrollNow_nocourse_Test"/>
  <testcase name="setup" time="11.546" classname="com.jav.Domestic.tests.EOLDomesticEnrollNow_nocourse_Test"/>
  <testcase name="verifyElementsDisplayOnPaymentInformation" time="0.267" classname="com.jav.Domestic.tests.EOLDomesticEnrollNow_nocourse_Test"/>
  <testcase name="verifyandClickOnTermAndComtitionsDisplayOnReviewandSubmitPage" time="28.346" classname="com.jav.Domestic.tests.EOLDomesticEnrollNow_nocourse_Test"/>
  <testcase name="enterRemaningInformationOnPersonalInformatoinPage" time="19.391" classname="com.jav.Domestic.tests.EOLDomesticEnrollNow_nocourse_Test"/>
  <testcase name="getNumberOfCourseAvailable" time="3.136" classname="com.jav.Domestic.tests.EOLDomesticEnrollNow_nocourse_Test"/>
  <testcase name="launchHomePage" time="6.038" classname="com.jav.Domestic.tests.EOLDomesticEnrollNow_nocourse_Test"/>
  <testcase name="selectModeOfPaymentandProvideInformation" time="1.138" classname="com.jav.Domestic.tests.EOLDomesticEnrollNow_nocourse_Test"/>
  <testcase name="enterCreditCardInformation" time="4.026" classname="com.jav.Domestic.tests.EOLDomesticEnrollNow_nocourse_Test"/>
  <testcase name="selectCourseFromAvailableCourses" time="4.962" classname="com.jav.Domestic.tests.EOLDomesticEnrollNow_nocourse_Test"/>
  <testcase name="verifyElementsDisplayOnReviewAndSubmitPage" time="5.086" classname="com.jav.Domestic.tests.EOLDomesticEnrollNow_nocourse_Test"/>
  <testcase name="verifyElementsDisplayAfterSelectModeOfPayment" time="2.637" classname="com.jav.Domestic.tests.EOLDomesticEnrollNow_nocourse_Test"/>
</testsuite> <!-- com.jav.Domestic.tests.EOLDomesticEnrollNow_nocourse_Test -->
