<?xml version="1.0" encoding="UTF-8"?>
<!-- Generated by org.testng.reporters.JUnitReportReporter -->
<testsuite hostname="LNDA0183" name="com.jav.Domestic.tests.EOLDomesticEnrollNow_Test" tests="11" failures="0" timestamp="7 Mar 2013 12:43:31 GMT" time="162.786" errors="0">
  <testcase name="setup" time="14.096" classname="com.jav.Domestic.tests.EOLDomesticEnrollNow_Test"/>
  <testcase name="verifyredirectToPaymentInformationPage" time="4.118" classname="com.jav.Domestic.tests.EOLDomesticEnrollNow_Test"/>
  <testcase name="selectModeOfPaymentandProvideInformation" time="1.918" classname="com.jav.Domestic.tests.EOLDomesticEnrollNow_Test"/>
  <testcase name="verifyandClickOnTermAndConditionsDisplayOnReviewandSubmitPage" time="54.648" classname="com.jav.Domestic.tests.EOLDomesticEnrollNow_Test"/>
  <testcase name="enterRemaningInformationOnPersonalInformatoinPage" time="49.656" classname="com.jav.Domestic.tests.EOLDomesticEnrollNow_Test"/>
  <testcase name="verifyElementsDisplayOnPaymentInformation" time="0.345" classname="com.jav.Domestic.tests.EOLDomesticEnrollNow_Test"/>
  <testcase name="enterCreditCardInformation" time="4.135" classname="com.jav.Domestic.tests.EOLDomesticEnrollNow_Test"/>
  <testcase name="homePageactions" time="19.734" classname="com.jav.Domestic.tests.EOLDomesticEnrollNow_Test"/>
  <testcase name="verifyElementsDisplayOnReviewAndSubmitPage" time="4.932" classname="com.jav.Domestic.tests.EOLDomesticEnrollNow_Test"/>
  <testcase name="launchHomePage" time="6.583" classname="com.jav.Domestic.tests.EOLDomesticEnrollNow_Test"/>
  <testcase name="verifyElementsDisplayAfterSelectModeOfPayment" time="2.621" classname="com.jav.Domestic.tests.EOLDomesticEnrollNow_Test"/>
</testsuite> <!-- com.jav.Domestic.tests.EOLDomesticEnrollNow_Test -->
