<?xml version="1.0" encoding="UTF-8"?>
<!-- Generated by org.testng.reporters.JUnitReportReporter -->
<testsuite hostname="LNDA0183" name="com.jav.Domestic.tests.SiteCoreULR_Feature_Test" tests="25" failures="0" timestamp="11 Mar 2013 12:29:34 GMT" time="302.562" errors="0">
  <testcase name="enterRemaningInformationOnPersonalInformatoinPage" time="27.760" classname="com.jav.Domestic.tests.SiteCoreULR_Feature_Test"/>
  <testcase name="enterAllInformationOnPersonalInformatoinPage" time="30.674" classname="com.jav.Domestic.tests.SiteCoreULR_Feature_Test"/>
  <testcase name="verifyElementsDisplayOnReviewAndSubmitPage" time="4.300" classname="com.jav.Domestic.tests.SiteCoreULR_Feature_Test"/>
  <testcase name="verifyredirectToPaymentInformationPage" time="0.290" classname="com.jav.Domestic.tests.SiteCoreULR_Feature_Test"/>
  <testcase name="verifyandClickOnTermAndComtitionsDisplayOnReviewandSubmitPage" time="13.830" classname="com.jav.Domestic.tests.SiteCoreULR_Feature_Test"/>
  <testcase name="verifyElementsDisplayAfterSelectModeOfPayment" time="3.198" classname="com.jav.Domestic.tests.SiteCoreULR_Feature_Test"/>
  <testcase name="verifyEditButtonOnReviewAndSubmit" time="56.595" classname="com.jav.Domestic.tests.SiteCoreULR_Feature_Test"/>
  <testcase name="selectModeOfPaymentandProvideInformation" time="1.967" classname="com.jav.Domestic.tests.SiteCoreULR_Feature_Test"/>
  <testcase name="enterStudentInformationOnStep1Page" time="23.862" classname="com.jav.Domestic.tests.SiteCoreULR_Feature_Test"/>
  <testcase name="verifyRedirectToPaymentInformationPage" time="0.241" classname="com.jav.Domestic.tests.SiteCoreULR_Feature_Test"/>
  <testcase name="enterCreditCardInformation" time="5.581" classname="com.jav.Domestic.tests.SiteCoreULR_Feature_Test"/>
  <testcase name="verifyElementsDisplayOnStep1EnrollmentProcess" time="1.315" classname="com.jav.Domestic.tests.SiteCoreULR_Feature_Test"/>
  <testcase name="verifyUserNavigatedtoEnrollNowSiteCoreHomepage" time="16.237" classname="com.jav.Domestic.tests.SiteCoreULR_Feature_Test"/>
  <testcase name="enterCreditCardInformationAfterCreditCardSelection" time="5.269" classname="com.jav.Domestic.tests.SiteCoreULR_Feature_Test"/>
  <testcase name="verifyElementDisplayOnPersonalInformationPage" time="2.473" classname="com.jav.Domestic.tests.SiteCoreULR_Feature_Test"/>
  <testcase name="verifyElementsDisplayOnPaymentInformationPage" time="0.441" classname="com.jav.Domestic.tests.SiteCoreULR_Feature_Test"/>
  <testcase name="VerifySiteCoreHomePage" time="8.559" classname="com.jav.Domestic.tests.SiteCoreULR_Feature_Test"/>
  <testcase name="launchSelectedSiteCoreURL" time="20.068" classname="com.jav.Domestic.tests.SiteCoreULR_Feature_Test"/>
  <testcase name="setup" time="9.821" classname="com.jav.Domestic.tests.SiteCoreULR_Feature_Test"/>
  <testcase name="verifyandClickOnTermAndConditionsOnReviewandSubmitPage" time="55.702" classname="com.jav.Domestic.tests.SiteCoreULR_Feature_Test"/>
  <testcase name="selectModeOfPaymentandFillInformation" time="2.050" classname="com.jav.Domestic.tests.SiteCoreULR_Feature_Test"/>
  <testcase name="verifyElementsDisplayedAfterSelectModeOfPayment" time="3.460" classname="com.jav.Domestic.tests.SiteCoreULR_Feature_Test"/>
  <testcase name="verifyElementsDisplayedOnReviewAndSubmitPage" time="3.995" classname="com.jav.Domestic.tests.SiteCoreULR_Feature_Test"/>
  <testcase name="verifyElementsDisplayOnPaymentInformation" time="0.568" classname="com.jav.Domestic.tests.SiteCoreULR_Feature_Test"/>
  <testcase name="redirectToThankYouPageAndClickEnrollOnLine" time="4.306" classname="com.jav.Domestic.tests.SiteCoreULR_Feature_Test"/>
</testsuite> <!-- com.jav.Domestic.tests.SiteCoreULR_Feature_Test -->
