<?xml version="1.0" encoding="UTF-8"?>
<!-- Generated by org.testng.reporters.JUnitReportReporter -->
<testsuite hostname="LNDA0183" name="com.jav.EOLChecklist.AppTest" tests="1" failures="0" timestamp="7 Mar 2013 06:41:54 GMT" time="0.000" errors="0">
  <testcase name="testApp" time="0.000" classname="com.jav.EOLChecklist.AppTest"/>
</testsuite> <!-- com.jav.EOLChecklist.AppTest -->
